<?xml version="1.0" encoding="UTF-8"?>
<!-- Generated by org.testng.reporters.JUnitReportReporter -->
<testsuite hostname="YazhmozhiSelvan" failures="0" tests="1" name="com.qa.swiggy.test.HomePageTest" time="16.540" errors="0" timestamp="2022-07-25T20:26:19 IST" skipped="0">
  <testcase classname="com.qa.swiggy.test.HomePageTest" name="ExpensiveRestaurantTest" time="16.540"/>
  <system-out/>
</testsuite> <!-- com.qa.swiggy.test.HomePageTest -->
