<?xml version="1.0" encoding="UTF-8"?>
<!-- Generated by org.testng.reporters.JUnitReportReporter -->
<testsuite hostname="YazhmozhiSelvan" failures="0" tests="3" name="com.qa.swiggy.test.LoginPageTest" time="38.375" errors="0" timestamp="2022-07-25T15:20:25 IST" skipped="0">
  <testcase classname="com.qa.swiggy.test.LoginPageTest" name="loginPageInvalidPhoneNumberTest" time="5.233"/>
  <system-out/>
  <testcase classname="com.qa.swiggy.test.LoginPageTest" name="ClickCreateAnAccountTest" time="5.628"/>
  <system-out/>
  <testcase classname="com.qa.swiggy.test.LoginPageTest" name="loginPageValidPhoneNumberTest" time="27.514"/>
  <system-out/>
</testsuite> <!-- com.qa.swiggy.test.LoginPageTest -->
